<?xml version="1.0" encoding="UTF-8" ?>
<testsuite errors="1" failures="0" hostname="Azeems-MacBook-Pro.local" name="MyMathTest" skipped="0" tests="1" time="0.0" timestamp="2017-09-21T11:44:04">
  <properties>
    <property name="java.vendor" value="Oracle Corporation" />
    <property name="sun.java.launcher" value="SUN_STANDARD" />
    <property name="sun.management.compiler" value="HotSpot 64-Bit Tiered Compilers" />
    <property name="os.name" value="Mac OS X" />
    <property name="sun.boot.class.path" value="/Library/Java/JavaVirtualMachines/jdk1.8.0_144.jdk/Contents/Home/jre/lib/resources.jar:/Library/Java/JavaVirtualMachines/jdk1.8.0_144.jdk/Contents/Home/jre/lib/rt.jar:/Library/Java/JavaVirtualMachines/jdk1.8.0_144.jdk/Contents/Home/jre/lib/sunrsasign.jar:/Library/Java/JavaVirtualMachines/jdk1.8.0_144.jdk/Contents/Home/jre/lib/jsse.jar:/Library/Java/JavaVirtualMachines/jdk1.8.0_144.jdk/Contents/Home/jre/lib/jce.jar:/Library/Java/JavaVirtualMachines/jdk1.8.0_144.jdk/Contents/Home/jre/lib/charsets.jar:/Library/Java/JavaVirtualMachines/jdk1.8.0_144.jdk/Contents/Home/jre/lib/jfr.jar:/Library/Java/JavaVirtualMachines/jdk1.8.0_144.jdk/Contents/Home/jre/classes" />
    <property name="user.country.format" value="SA" />
    <property name="java.vm.specification.vendor" value="Oracle Corporation" />
    <property name="ant.home" value="/usr/local/Cellar/ant/1.10.1/libexec" />
    <property name="java.runtime.version" value="1.8.0_144-b01" />
    <property name="user.name" value="azeemahmad" />
    <property name="build.dir" value="/Users/azeemahmad/Google Drive/MyData/Sweden/work/AutomaticTestingOptimization/Temp/helloworld-ant-withTesting/bin" />
    <property name="user.language" value="en" />
    <property name="test.report.dir" value="/Users/azeemahmad/Google Drive/MyData/Sweden/work/AutomaticTestingOptimization/Temp/helloworld-ant-withTesting/testreport" />
    <property name="sun.boot.library.path" value="/Library/Java/JavaVirtualMachines/jdk1.8.0_144.jdk/Contents/Home/jre/lib" />
    <property name="ant.file.type.Ant-Test" value="file" />
    <property name="ant.project.default-target" value="main" />
    <property name="ant.project.name" value="Ant-Test" />
    <property name="java.version" value="1.8.0_144" />
    <property name="user.timezone" value="" />
    <property name="sun.arch.data.model" value="64" />
    <property name="http.nonProxyHosts" value="local|*.local|169.254/16|*.169.254/16" />
    <property name="java.endorsed.dirs" value="/Library/Java/JavaVirtualMachines/jdk1.8.0_144.jdk/Contents/Home/jre/lib/endorsed" />
    <property name="sun.cpu.isalist" value="" />
    <property name="sun.jnu.encoding" value="UTF-8" />
    <property name="file.encoding.pkg" value="sun.io" />
    <property name="file.separator" value="/" />
    <property name="java.specification.name" value="Java Platform API Specification" />
    <property name="java.class.version" value="52.0" />
    <property name="user.country" value="US" />
    <property name="java.home" value="/Library/Java/JavaVirtualMachines/jdk1.8.0_144.jdk/Contents/Home/jre" />
    <property name="java.vm.info" value="mixed mode" />
    <property name="ant.file" value="/Users/azeemahmad/Google Drive/MyData/Sweden/work/AutomaticTestingOptimization/Temp/helloworld-ant-withTesting/build.xml" />
    <property name="os.version" value="10.12.5" />
    <property name="path.separator" value=":" />
    <property name="java.vm.version" value="25.144-b01" />
    <property name="ant.library.dir" value="/usr/local/Cellar/ant/1.10.1/libexec/lib" />
    <property name="java.awt.printerjob" value="sun.lwawt.macosx.CPrinterJob" />
    <property name="sun.io.unicode.encoding" value="UnicodeBig" />
    <property name="awt.toolkit" value="sun.lwawt.macosx.LWCToolkit" />
    <property name="socksNonProxyHosts" value="local|*.local|169.254/16|*.169.254/16" />
    <property name="ftp.nonProxyHosts" value="local|*.local|169.254/16|*.169.254/16" />
    <property name="user.home" value="/Users/azeemahmad" />
    <property name="java.specification.vendor" value="Oracle Corporation" />
    <property name="test.dir" value="/Users/azeemahmad/Google Drive/MyData/Sweden/work/AutomaticTestingOptimization/Temp/helloworld-ant-withTesting/src" />
    <property name="java.library.path" value="/Users/azeemahmad/Library/Java/Extensions:/Library/Java/Extensions:/Network/Library/Java/Extensions:/System/Library/Java/Extensions:/usr/lib/java:." />
    <property name="java.vendor.url" value="http://java.oracle.com/" />
    <property name="ant.file.Ant-Test" value="/Users/azeemahmad/Google Drive/MyData/Sweden/work/AutomaticTestingOptimization/Temp/helloworld-ant-withTesting/build.xml" />
    <property name="java.vm.vendor" value="Oracle Corporation" />
    <property name="gopherProxySet" value="false" />
    <property name="java.runtime.name" value="Java(TM) SE Runtime Environment" />
    <property name="sun.java.command" value="org.apache.tools.ant.taskdefs.optional.junit.JUnitTestRunner MyMathTest skipNonTests=false filtertrace=true haltOnError=false haltOnFailure=true formatter=org.apache.tools.ant.taskdefs.optional.junit.SummaryJUnitResultFormatter showoutput=false outputtoformatters=true logfailedtests=true threadid=0 logtestlistenerevents=false formatter=org.apache.tools.ant.taskdefs.optional.junit.XMLJUnitResultFormatter,/Users/azeemahmad/Google Drive/MyData/Sweden/work/AutomaticTestingOptimization/Temp/helloworld-ant-withTesting/testreport/TEST-MyMathTest.xml crashfile=/Users/azeemahmad/Google Drive/MyData/Sweden/work/AutomaticTestingOptimization/Temp/helloworld-ant-withTesting/junitvmwatcher7566066597643117590.properties propsfile=/Users/azeemahmad/Google Drive/MyData/Sweden/work/AutomaticTestingOptimization/Temp/helloworld-ant-withTesting/junit3739545238685629908.properties" />
    <property name="java.class.path" value="/Users/azeemahmad/Google Drive/MyData/Sweden/work/AutomaticTestingOptimization/Temp/helloworld-ant-withTesting/lib/junit.jar:/Users/azeemahmad/Google Drive/MyData/Sweden/work/AutomaticTestingOptimization/Temp/helloworld-ant-withTesting/bin:/usr/local/Cellar/ant/1.10.1/libexec/lib/ant-launcher.jar:/usr/local/Cellar/ant/1.10.1/libexec/lib/ant.jar:/usr/local/Cellar/ant/1.10.1/libexec/lib/ant-junit.jar:/usr/local/Cellar/ant/1.10.1/libexec/lib/ant-junit4.jar" />
    <property name="ant.version" value="Apache Ant(TM) version 1.10.1 compiled on February 2 2017" />
    <property name="java.vm.specification.name" value="Java Virtual Machine Specification" />
    <property name="ant.file.type" value="file" />
    <property name="java.vm.specification.version" value="1.8" />
    <property name="sun.cpu.endian" value="little" />
    <property name="sun.os.patch.level" value="unknown" />
    <property name="java.io.tmpdir" value="/var/folders/y8/bfhvpxl12yb8bb96g95t3vgr0000gn/T/" />
    <property name="java.vendor.url.bug" value="http://bugreport.sun.com/bugreport/" />
    <property name="os.arch" value="x86_64" />
    <property name="java.awt.graphicsenv" value="sun.awt.CGraphicsEnvironment" />
    <property name="java.ext.dirs" value="/Users/azeemahmad/Library/Java/Extensions:/Library/Java/JavaVirtualMachines/jdk1.8.0_144.jdk/Contents/Home/jre/lib/ext:/Library/Java/Extensions:/Network/Library/Java/Extensions:/System/Library/Java/Extensions:/usr/lib/java" />
    <property name="user.dir" value="/Users/azeemahmad/Google Drive/MyData/Sweden/work/AutomaticTestingOptimization/Temp/helloworld-ant-withTesting" />
    <property name="line.separator" value="&#xa;" />
    <property name="java.vm.name" value="Java HotSpot(TM) 64-Bit Server VM" />
    <property name="basedir" value="/Users/azeemahmad/Google Drive/MyData/Sweden/work/AutomaticTestingOptimization/Temp/helloworld-ant-withTesting" />
    <property name="ant.java.version" value="1.8" />
    <property name="ant.core.lib" value="/usr/local/Cellar/ant/1.10.1/libexec/lib/ant.jar" />
    <property name="file.encoding" value="UTF-8" />
    <property name="java.specification.version" value="1.8" />
    <property name="src.dir" value="/Users/azeemahmad/Google Drive/MyData/Sweden/work/AutomaticTestingOptimization/Temp/helloworld-ant-withTesting/src" />
    <property name="ant.project.invoked-targets" value="main" />
  </properties>
  <error message="MyMathTest" type="java.lang.ClassNotFoundException">java.lang.ClassNotFoundException: MyMathTest
	at java.net.URLClassLoader.findClass(URLClassLoader.java:381)
	at java.lang.ClassLoader.loadClass(ClassLoader.java:424)
	at sun.misc.Launcher$AppClassLoader.loadClass(Launcher.java:335)
	at java.lang.ClassLoader.loadClass(ClassLoader.java:357)
	at java.lang.Class.forName0(Native Method)
	at java.lang.Class.forName(Class.java:264)
</error>
  <system-out><![CDATA[]]></system-out>
  <system-err><![CDATA[]]></system-err>
</testsuite>
